Построение начато 27.12.2022 0:14:03.
     1>Проект "C:\Users\79374\Desktop\llab9\llab9\llab9\llab9.vcxproj" в узле 2 (целевые объекты build).
     1>InitializeBuildStatus:
         Обращение к "Debug\llab9.unsuccessfulbuild".
       ClCompile:
         E:\2010\VC\bin\CL.exe /c /ZI /nologo /W3 /WX- /Od /Oy- /D WIN32 /D _DEBUG /D _CONSOLE /D _UNICODE /D UNICODE /Gm /EHsc /RTC1 /MDd /GS /fp:precise /Zc:wchar_t /Zc:forScope /Fo"Debug\\" /Fd"Debug\vc100.pdb" /Gd /TP /analyze- /errorReport:prompt llab9.cpp
         llab9.cpp
     1>c:\users\79374\desktop\llab9\llab9\llab9\llab9.cpp(60): warning C4244: аргумент: преобразование "time_t" в "unsigned int", возможна потеря данных
       ManifestResourceCompile:
         C:\Program Files (x86)\Microsoft SDKs\Windows\v7.0A\bin\rc.exe /nologo /fo"Debug\llab9.exe.embed.manifest.res" Debug\llab9_manifest.rc 
       Link:
         E:\2010\VC\bin\link.exe /ERRORREPORT:PROMPT /OUT:"C:\Users\79374\Desktop\llab9\llab9\Debug\llab9.exe" /INCREMENTAL /NOLOGO kernel32.lib user32.lib gdi32.lib winspool.lib comdlg32.lib advapi32.lib shell32.lib ole32.lib oleaut32.lib uuid.lib odbc32.lib odbccp32.lib /MANIFEST /ManifestFile:"Debug\llab9.exe.intermediate.manifest" /MANIFESTUAC:"level='asInvoker' uiAccess='false'" /DEBUG /PDB:"C:\Users\79374\Desktop\llab9\llab9\Debug\llab9.pdb" /SUBSYSTEM:CONSOLE /TLBID:1 /DYNAMICBASE /NXCOMPAT /IMPLIB:"C:\Users\79374\Desktop\llab9\llab9\Debug\llab9.lib" /MACHINE:X86 Debug\llab9.exe.embed.manifest.res
         Debug\llab9.obj
         Debug\stdafx.obj
       Manifest:
         C:\Program Files (x86)\Microsoft SDKs\Windows\v7.0A\bin\mt.exe /nologo /verbose /out:"Debug\llab9.exe.embed.manifest" /manifest Debug\llab9.exe.intermediate.manifest
         Для всех выходных данных обновления не требуется.
       LinkEmbedManifest:
         Для всех выходных данных обновления не требуется.
         llab9.vcxproj -> C:\Users\79374\Desktop\llab9\llab9\Debug\llab9.exe
       FinalizeBuildStatus:
         Файл "Debug\llab9.unsuccessfulbuild" удаляется.
         Обращение к "Debug\llab9.lastbuildstate".
     1>Построение проекта "C:\Users\79374\Desktop\llab9\llab9\llab9\llab9.vcxproj" завершено (целевые объекты build).

Построение успешно завершено.

Затраченное время: 00:00:01.19
